{"protocolVersion":"0.1.1","runnerVersion":null,"pid":18984,"type":"start","time":0}
{"suite":{"id":0,"platform":"vm","path":"D:/POLITEKNIK_NEGERI_PADANG/Belajar_mobile/Belajar_mobile_flutter/test/screens/login_screen_test.dart"},"type":"suite","time":0}
{"test":{"id":1,"name":"loading D:/POLITEKNIK_NEGERI_PADANG/Belajar_mobile/Belajar_mobile_flutter/test/screens/login_screen_test.dart","suiteID":0,"groupIDs":[],"metadata":{"skip":false,"skipReason":null},"line":null,"column":null,"url":null},"type":"testStart","time":1}
{"suite":{"id":2,"platform":"vm","path":"D:/POLITEKNIK_NEGERI_PADANG/Belajar_mobile/Belajar_mobile_flutter/test/widget_test.dart"},"type":"suite","time":7}
{"test":{"id":3,"name":"loading D:/POLITEKNIK_NEGERI_PADANG/Belajar_mobile/Belajar_mobile_flutter/test/widget_test.dart","suiteID":2,"groupIDs":[],"metadata":{"skip":false,"skipReason":null},"line":null,"column":null,"url":null},"type":"testStart","time":7}
{"count":2,"time":8,"type":"allSuites"}

[{"event":"test.startedProcess","params":{"vmServiceUri":null,"observatoryUri":null}}]

[{"event":"test.startedProcess","params":{"vmServiceUri":null,"observatoryUri":null}}]
{"testID":1,"result":"success","skipped":false,"hidden":true,"type":"testDone","time":2553}
{"group":{"id":4,"suiteID":0,"parentID":null,"name":"","metadata":{"skip":false,"skipReason":null},"testCount":5,"line":null,"column":null,"url":null},"type":"group","time":2557}
{"test":{"id":5,"name":"Menampilkan tampilan awal LoginScreen","suiteID":0,"groupIDs":[4],"metadata":{"skip":false,"skipReason":null},"line":171,"column":5,"url":"package:flutter_test/src/widget_tester.dart","root_line":35,"root_column":3,"root_url":"file:///D:/POLITEKNIK_NEGERI_PADANG/Belajar_mobile/Belajar_mobile_flutter/test/screens/login_screen_test.dart"},"type":"testStart","time":2559}
{"testID":3,"result":"success","skipped":false,"hidden":true,"type":"testDone","time":2903}
{"group":{"id":6,"suiteID":2,"parentID":null,"name":"","metadata":{"skip":false,"skipReason":null},"testCount":1,"line":null,"column":null,"url":null},"type":"group","time":2904}
{"test":{"id":7,"name":"App should display login screen","suiteID":2,"groupIDs":[6],"metadata":{"skip":false,"skipReason":null},"line":171,"column":5,"url":"package:flutter_test/src/widget_tester.dart","root_line":6,"root_column":3,"root_url":"file:///D:/POLITEKNIK_NEGERI_PADANG/Belajar_mobile/Belajar_mobile_flutter/test/widget_test.dart"},"type":"testStart","time":2904}
{"testID":5,"messageType":"print","message":"══╡ EXCEPTION CAUGHT BY WIDGETS LIBRARY ╞═══════════════════════════════════════════════════════════\nThe following assertion was thrown building MaterialApp(dirty, state: _MaterialAppState#8e567):\nIf the home property is specified, the routes table cannot include an entry for \"/\", since it would\nbe redundant.\n'package:flutter/src/widgets/app.dart':\nFailed assertion: line 353 pos 10: 'home == null ||\n         !routes.containsKey(Navigator.defaultRouteName)'\n\nEither the assertion indicates an error in the framework itself, or we should provide substantially\nmore information in this error message to help you determine and fix the underlying cause.\nIn either case, please report this assertion by filing a bug on GitHub:\n  https://github.com/flutter/flutter/issues/new?template=2_bug.yml\n\nThe relevant error-causing widget was:\n  MaterialApp\n  MaterialApp:file:///D:/POLITEKNIK_NEGERI_PADANG/Belajar_mobile/Belajar_mobile_flutter/test/screens/login_screen_test.dart:24:12\n\nWhen the exception was thrown, this was the stack:\n#2      new WidgetsApp (package:flutter/src/widgets/app.dart:353:10)\n#3      _MaterialAppState._buildWidgetApp (package:flutter/src/material/app.dart:1040:12)\n#4      _MaterialAppState.build (package:flutter/src/material/app.dart:1076:21)\n#5      StatefulElement.build (package:flutter/src/widgets/framework.dart:5729:27)\n#6      ComponentElement.performRebuild (package:flutter/src/widgets/framework.dart:5617:15)\n#7      StatefulElement.performRebuild (package:flutter/src/widgets/framework.dart:5780:11)\n#8      Element.rebuild (package:flutter/src/widgets/framework.dart:5333:7)\n#9      ComponentElement._firstBuild (package:flutter/src/widgets/framework.dart:5599:5)\n#10     StatefulElement._firstBuild (package:flutter/src/widgets/framework.dart:5771:11)\n#11     ComponentElement.mount (package:flutter/src/widgets/framework.dart:5593:5)\n#12     Element.inflateWidget (package:flutter/src/widgets/framework.dart:4468:16)\n#13     Element.updateChild (package:flutter/src/widgets/framework.dart:3957:20)\n#14     ComponentElement.performRebuild (package:flutter/src/widgets/framework.dart:5642:16)\n#15     Element.rebuild (package:flutter/src/widgets/framework.dart:5333:7)\n#16     ProxyElement.update (package:flutter/src/widgets/framework.dart:5946:5)\n#17     _InheritedNotifierElement.update (package:flutter/src/widgets/inherited_notifier.dart:105:11)\n#18     Element.updateChild (package:flutter/src/widgets/framework.dart:3941:15)\n#19     ComponentElement.performRebuild (package:flutter/src/widgets/framework.dart:5642:16)\n#20     StatefulElement.performRebuild (package:flutter/src/widgets/framework.dart:5780:11)\n#21     Element.rebuild (package:flutter/src/widgets/framework.dart:5333:7)\n#22     StatefulElement.update (package:flutter/src/widgets/framework.dart:5803:5)\n#23     Element.updateChild (package:flutter/src/widgets/framework.dart:3941:15)\n#24     ComponentElement.performRebuild (package:flutter/src/widgets/framework.dart:5642:16)\n#25     Element.rebuild (package:flutter/src/widgets/framework.dart:5333:7)\n#26     ProxyElement.update (package:flutter/src/widgets/framework.dart:5946:5)\n#27     _InheritedNotifierElement.update (package:flutter/src/widgets/inherited_notifier.dart:105:11)\n#28     Element.updateChild (package:flutter/src/widgets/framework.dart:3941:15)\n#29     ComponentElement.performRebuild (package:flutter/src/widgets/framework.dart:5642:16)\n#30     StatefulElement.performRebuild (package:flutter/src/widgets/framework.dart:5780:11)\n#31     Element.rebuild (package:flutter/src/widgets/framework.dart:5333:7)\n#32     StatefulElement.update (package:flutter/src/widgets/framework.dart:5803:5)\n#33     Element.updateChild (package:flutter/src/widgets/framework.dart:3941:15)\n#34     ComponentElement.performRebuild (package:flutter/src/widgets/framework.dart:5642:16)\n#35     StatefulElement.performRebuild (package:flutter/src/widgets/framework.dart:5780:11)\n#36     Element.rebuild (package:flutter/src/widgets/framework.dart:5333:7)\n#37     StatefulElement.update (package:flutter/src/widgets/framework.dart:5803:5)\n#38     Element.updateChild (package:flutter/src/widgets/framework.dart:3941:15)\n#39     ComponentElement.performRebuild (package:flutter/src/widgets/framework.dart:5642:16)\n#40     Element.rebuild (package:flutter/src/widgets/framework.dart:5333:7)\n#41     ProxyElement.update (package:flutter/src/widgets/framework.dart:5946:5)\n#42     Element.updateChild (package:flutter/src/widgets/framework.dart:3941:15)\n#43     ComponentElement.performRebuild (package:flutter/src/widgets/framework.dart:5642:16)\n#44     StatefulElement.performRebuild (package:flutter/src/widgets/framework.dart:5780:11)\n#45     Element.rebuild (package:flutter/src/widgets/framework.dart:5333:7)\n#46     StatefulElement.update (package:flutter/src/widgets/framework.dart:5803:5)\n#47     Element.updateChild (package:flutter/src/widgets/framework.dart:3941:15)\n#48     ComponentElement.performRebuild (package:flutter/src/widgets/framework.dart:5642:16)\n#49     Element.rebuild (package:flutter/src/widgets/framework.dart:5333:7)\n#50     ProxyElement.update (package:flutter/src/widgets/framework.dart:5946:5)\n#51     Element.updateChild (package:flutter/src/widgets/framework.dart:3941:15)\n#52     ComponentElement.performRebuild (package:flutter/src/widgets/framework.dart:5642:16)\n#53     Element.rebuild (package:flutter/src/widgets/framework.dart:5333:7)\n#54     ProxyElement.update (package:flutter/src/widgets/framework.dart:5946:5)\n#55     Element.updateChild (package:flutter/src/widgets/framework.dart:3941:15)\n#56     _RawViewElement._updateChild (package:flutter/src/widgets/view.dart:441:16)\n#57     _RawViewElement.update (package:flutter/src/widgets/view.dart:528:5)\n#58     Element.updateChild (package:flutter/src/widgets/framework.dart:3941:15)\n#59     ComponentElement.performRebuild (package:flutter/src/widgets/framework.dart:5642:16)\n#60     Element.rebuild (package:flutter/src/widgets/framework.dart:5333:7)\n#61     StatelessElement.update (package:flutter/src/widgets/framework.dart:5693:5)\n#62     Element.updateChild (package:flutter/src/widgets/framework.dart:3941:15)\n#63     ComponentElement.performRebuild (package:flutter/src/widgets/framework.dart:5642:16)\n#64     StatefulElement.performRebuild (package:flutter/src/widgets/framework.dart:5780:11)\n#65     Element.rebuild (package:flutter/src/widgets/framework.dart:5333:7)\n#66     StatefulElement.update (package:flutter/src/widgets/framework.dart:5803:5)\n#67     Element.updateChild (package:flutter/src/widgets/framework.dart:3941:15)\n#68     RootElement._rebuild (package:flutter/src/widgets/binding.dart:1605:16)\n#69     RootElement.update (package:flutter/src/widgets/binding.dart:1583:5)\n#70     RootElement.performRebuild (package:flutter/src/widgets/binding.dart:1597:7)\n#71     Element.rebuild (package:flutter/src/widgets/framework.dart:5333:7)\n#72     BuildScope._tryRebuild (package:flutter/src/widgets/framework.dart:2693:15)\n#73     BuildScope._flushDirtyElements (package:flutter/src/widgets/framework.dart:2752:11)\n#74     BuildOwner.buildScope (package:flutter/src/widgets/framework.dart:3048:18)\n#75     AutomatedTestWidgetsFlutterBinding.drawFrame (package:flutter_test/src/binding.dart:1433:19)\n#76     RendererBinding._handlePersistentFrameCallback (package:flutter/src/rendering/binding.dart:468:5)\n#77     SchedulerBinding._invokeFrameCallback (package:flutter/src/scheduler/binding.dart:1397:15)\n#78     SchedulerBinding.handleDrawFrame (package:flutter/src/scheduler/binding.dart:1318:9)\n#79     AutomatedTestWidgetsFlutterBinding.pump.<anonymous closure> (package:flutter_test/src/binding.dart:1288:9)\n#82     TestAsyncUtils.guard (package:flutter_test/src/test_async_utils.dart:74:41)\n#83     AutomatedTestWidgetsFlutterBinding.pump (package:flutter_test/src/binding.dart:1275:27)\n#84     WidgetTester.pumpWidget.<anonymous closure> (package:flutter_test/src/widget_tester.dart:608:22)\n#87     TestAsyncUtils.guard (package:flutter_test/src/test_async_utils.dart:74:41)\n#88     WidgetTester.pumpWidget (package:flutter_test/src/widget_tester.dart:605:27)\n#89     main.<anonymous closure> (file:///D:/POLITEKNIK_NEGERI_PADANG/Belajar_mobile/Belajar_mobile_flutter/test/screens/login_screen_test.dart:37:18)\n#90     testWidgets.<anonymous closure>.<anonymous closure> (package:flutter_test/src/widget_tester.dart:189:29)\n<asynchronous suspension>\n#91     TestWidgetsFlutterBinding._runTestBody (package:flutter_test/src/binding.dart:1032:5)\n<asynchronous suspension>\n<asynchronous suspension>\n(elided 7 frames from class _AssertionError, dart:async, and package:stack_trace)\n\n════════════════════════════════════════════════════════════════════════════════════════════════════","type":"print","time":2969}
{"testID":5,"messageType":"print","message":"══╡ EXCEPTION CAUGHT BY FLUTTER TEST FRAMEWORK ╞════════════════════════════════════════════════════\nThe following TestFailure was thrown running a test:\nExpected: exactly one matching candidate\n  Actual: _TextWidgetFinder:<Found 0 widgets with text \"Login\": []>\n   Which: means none were found but one was expected\n\nWhen the exception was thrown, this was the stack:\n#4      main.<anonymous closure> (file:///D:/POLITEKNIK_NEGERI_PADANG/Belajar_mobile/Belajar_mobile_flutter/test/screens/login_screen_test.dart:39:5)\n<asynchronous suspension>\n#5      testWidgets.<anonymous closure>.<anonymous closure> (package:flutter_test/src/widget_tester.dart:189:15)\n<asynchronous suspension>\n#6      TestWidgetsFlutterBinding._runTestBody (package:flutter_test/src/binding.dart:1032:5)\n<asynchronous suspension>\n<asynchronous suspension>\n(elided one frame from package:stack_trace)\n\nThis was caught by the test expectation on the following line:\n  file:///D:/POLITEKNIK_NEGERI_PADANG/Belajar_mobile/Belajar_mobile_flutter/test/screens/login_screen_test.dart line 39\nThe test description was:\n  Menampilkan tampilan awal LoginScreen\n════════════════════════════════════════════════════════════════════════════════════════════════════","type":"print","time":2985}
{"testID":5,"messageType":"print","message":"══╡ EXCEPTION CAUGHT BY FLUTTER TEST FRAMEWORK ╞════════════════════════════════════════════════════\nThe following message was thrown:\nMultiple exceptions (2) were detected during the running of the current test, and at least one was\nunexpected.\n════════════════════════════════════════════════════════════════════════════════════════════════════","type":"print","time":2989}
{"testID":5,"error":"Test failed. See exception logs above.\nThe test description was: Menampilkan tampilan awal LoginScreen","stackTrace":"","isFailure":false,"type":"error","time":2992}
{"testID":5,"result":"error","skipped":false,"hidden":false,"type":"testDone","time":2993}
{"test":{"id":8,"name":"Memasukkan email dan password","suiteID":0,"groupIDs":[4],"metadata":{"skip":false,"skipReason":null},"line":171,"column":5,"url":"package:flutter_test/src/widget_tester.dart","root_line":44,"root_column":3,"root_url":"file:///D:/POLITEKNIK_NEGERI_PADANG/Belajar_mobile/Belajar_mobile_flutter/test/screens/login_screen_test.dart"},"type":"testStart","time":2993}
{"testID":8,"messageType":"print","message":"══╡ EXCEPTION CAUGHT BY WIDGETS LIBRARY ╞═══════════════════════════════════════════════════════════\nThe following assertion was thrown building MaterialApp(dirty, state: _MaterialAppState#7e57a):\nIf the home property is specified, the routes table cannot include an entry for \"/\", since it would\nbe redundant.\n'package:flutter/src/widgets/app.dart':\nFailed assertion: line 353 pos 10: 'home == null ||\n         !routes.containsKey(Navigator.defaultRouteName)'\n\nEither the assertion indicates an error in the framework itself, or we should provide substantially\nmore information in this error message to help you determine and fix the underlying cause.\nIn either case, please report this assertion by filing a bug on GitHub:\n  https://github.com/flutter/flutter/issues/new?template=2_bug.yml\n\nThe relevant error-causing widget was:\n  MaterialApp\n  MaterialApp:file:///D:/POLITEKNIK_NEGERI_PADANG/Belajar_mobile/Belajar_mobile_flutter/test/screens/login_screen_test.dart:24:12\n\nWhen the exception was thrown, this was the stack:\n#2      new WidgetsApp (package:flutter/src/widgets/app.dart:353:10)\n#3      _MaterialAppState._buildWidgetApp (package:flutter/src/material/app.dart:1040:12)\n#4      _MaterialAppState.build (package:flutter/src/material/app.dart:1076:21)\n#5      StatefulElement.build (package:flutter/src/widgets/framework.dart:5729:27)\n#6      ComponentElement.performRebuild (package:flutter/src/widgets/framework.dart:5617:15)\n#7      StatefulElement.performRebuild (package:flutter/src/widgets/framework.dart:5780:11)\n#8      Element.rebuild (package:flutter/src/widgets/framework.dart:5333:7)\n#9      ComponentElement._firstBuild (package:flutter/src/widgets/framework.dart:5599:5)\n#10     StatefulElement._firstBuild (package:flutter/src/widgets/framework.dart:5771:11)\n#11     ComponentElement.mount (package:flutter/src/widgets/framework.dart:5593:5)\n#12     Element.inflateWidget (package:flutter/src/widgets/framework.dart:4468:16)\n#13     Element.updateChild (package:flutter/src/widgets/framework.dart:3957:20)\n#14     ComponentElement.performRebuild (package:flutter/src/widgets/framework.dart:5642:16)\n#15     Element.rebuild (package:flutter/src/widgets/framework.dart:5333:7)\n#16     ProxyElement.update (package:flutter/src/widgets/framework.dart:5946:5)\n#17     _InheritedNotifierElement.update (package:flutter/src/widgets/inherited_notifier.dart:105:11)\n#18     Element.updateChild (package:flutter/src/widgets/framework.dart:3941:15)\n#19     ComponentElement.performRebuild (package:flutter/src/widgets/framework.dart:5642:16)\n#20     StatefulElement.performRebuild (package:flutter/src/widgets/framework.dart:5780:11)\n#21     Element.rebuild (package:flutter/src/widgets/framework.dart:5333:7)\n#22     StatefulElement.update (package:flutter/src/widgets/framework.dart:5803:5)\n#23     Element.updateChild (package:flutter/src/widgets/framework.dart:3941:15)\n#24     ComponentElement.performRebuild (package:flutter/src/widgets/framework.dart:5642:16)\n#25     Element.rebuild (package:flutter/src/widgets/framework.dart:5333:7)\n#26     ProxyElement.update (package:flutter/src/widgets/framework.dart:5946:5)\n#27     _InheritedNotifierElement.update (package:flutter/src/widgets/inherited_notifier.dart:105:11)\n#28     Element.updateChild (package:flutter/src/widgets/framework.dart:3941:15)\n#29     ComponentElement.performRebuild (package:flutter/src/widgets/framework.dart:5642:16)\n#30     StatefulElement.performRebuild (package:flutter/src/widgets/framework.dart:5780:11)\n#31     Element.rebuild (package:flutter/src/widgets/framework.dart:5333:7)\n#32     StatefulElement.update (package:flutter/src/widgets/framework.dart:5803:5)\n#33     Element.updateChild (package:flutter/src/widgets/framework.dart:3941:15)\n#34     ComponentElement.performRebuild (package:flutter/src/widgets/framework.dart:5642:16)\n#35     StatefulElement.performRebuild (package:flutter/src/widgets/framework.dart:5780:11)\n#36     Element.rebuild (package:flutter/src/widgets/framework.dart:5333:7)\n#37     StatefulElement.update (package:flutter/src/widgets/framework.dart:5803:5)\n#38     Element.updateChild (package:flutter/src/widgets/framework.dart:3941:15)\n#39     ComponentElement.performRebuild (package:flutter/src/widgets/framework.dart:5642:16)\n#40     Element.rebuild (package:flutter/src/widgets/framework.dart:5333:7)\n#41     ProxyElement.update (package:flutter/src/widgets/framework.dart:5946:5)\n#42     Element.updateChild (package:flutter/src/widgets/framework.dart:3941:15)\n#43     ComponentElement.performRebuild (package:flutter/src/widgets/framework.dart:5642:16)\n#44     StatefulElement.performRebuild (package:flutter/src/widgets/framework.dart:5780:11)\n#45     Element.rebuild (package:flutter/src/widgets/framework.dart:5333:7)\n#46     StatefulElement.update (package:flutter/src/widgets/framework.dart:5803:5)\n#47     Element.updateChild (package:flutter/src/widgets/framework.dart:3941:15)\n#48     ComponentElement.performRebuild (package:flutter/src/widgets/framework.dart:5642:16)\n#49     Element.rebuild (package:flutter/src/widgets/framework.dart:5333:7)\n#50     ProxyElement.update (package:flutter/src/widgets/framework.dart:5946:5)\n#51     Element.updateChild (package:flutter/src/widgets/framework.dart:3941:15)\n#52     ComponentElement.performRebuild (package:flutter/src/widgets/framework.dart:5642:16)\n#53     Element.rebuild (package:flutter/src/widgets/framework.dart:5333:7)\n#54     ProxyElement.update (package:flutter/src/widgets/framework.dart:5946:5)\n#55     Element.updateChild (package:flutter/src/widgets/framework.dart:3941:15)\n#56     _RawViewElement._updateChild (package:flutter/src/widgets/view.dart:441:16)\n#57     _RawViewElement.update (package:flutter/src/widgets/view.dart:528:5)\n#58     Element.updateChild (package:flutter/src/widgets/framework.dart:3941:15)\n#59     ComponentElement.performRebuild (package:flutter/src/widgets/framework.dart:5642:16)\n#60     Element.rebuild (package:flutter/src/widgets/framework.dart:5333:7)\n#61     StatelessElement.update (package:flutter/src/widgets/framework.dart:5693:5)\n#62     Element.updateChild (package:flutter/src/widgets/framework.dart:3941:15)\n#63     ComponentElement.performRebuild (package:flutter/src/widgets/framework.dart:5642:16)\n#64     StatefulElement.performRebuild (package:flutter/src/widgets/framework.dart:5780:11)\n#65     Element.rebuild (package:flutter/src/widgets/framework.dart:5333:7)\n#66     StatefulElement.update (package:flutter/src/widgets/framework.dart:5803:5)\n#67     Element.updateChild (package:flutter/src/widgets/framework.dart:3941:15)\n#68     RootElement._rebuild (package:flutter/src/widgets/binding.dart:1605:16)\n#69     RootElement.update (package:flutter/src/widgets/binding.dart:1583:5)\n#70     RootElement.performRebuild (package:flutter/src/widgets/binding.dart:1597:7)\n#71     Element.rebuild (package:flutter/src/widgets/framework.dart:5333:7)\n#72     BuildScope._tryRebuild (package:flutter/src/widgets/framework.dart:2693:15)\n#73     BuildScope._flushDirtyElements (package:flutter/src/widgets/framework.dart:2752:11)\n#74     BuildOwner.buildScope (package:flutter/src/widgets/framework.dart:3048:18)\n#75     AutomatedTestWidgetsFlutterBinding.drawFrame (package:flutter_test/src/binding.dart:1433:19)\n#76     RendererBinding._handlePersistentFrameCallback (package:flutter/src/rendering/binding.dart:468:5)\n#77     SchedulerBinding._invokeFrameCallback (package:flutter/src/scheduler/binding.dart:1397:15)\n#78     SchedulerBinding.handleDrawFrame (package:flutter/src/scheduler/binding.dart:1318:9)\n#79     AutomatedTestWidgetsFlutterBinding.pump.<anonymous closure> (package:flutter_test/src/binding.dart:1288:9)\n#82     TestAsyncUtils.guard (package:flutter_test/src/test_async_utils.dart:74:41)\n#83     AutomatedTestWidgetsFlutterBinding.pump (package:flutter_test/src/binding.dart:1275:27)\n#84     WidgetTester.pumpWidget.<anonymous closure> (package:flutter_test/src/widget_tester.dart:608:22)\n#87     TestAsyncUtils.guard (package:flutter_test/src/test_async_utils.dart:74:41)\n#88     WidgetTester.pumpWidget (package:flutter_test/src/widget_tester.dart:605:27)\n#89     main.<anonymous closure> (file:///D:/POLITEKNIK_NEGERI_PADANG/Belajar_mobile/Belajar_mobile_flutter/test/screens/login_screen_test.dart:45:18)\n#90     testWidgets.<anonymous closure>.<anonymous closure> (package:flutter_test/src/widget_tester.dart:189:29)\n<asynchronous suspension>\n#91     TestWidgetsFlutterBinding._runTestBody (package:flutter_test/src/binding.dart:1032:5)\n<asynchronous suspension>\n<asynchronous suspension>\n(elided 7 frames from class _AssertionError, dart:async, and package:stack_trace)\n\n════════════════════════════════════════════════════════════════════════════════════════════════════","type":"print","time":3027}
{"testID":8,"messageType":"print","message":"══╡ EXCEPTION CAUGHT BY FLUTTER TEST FRAMEWORK ╞════════════════════════════════════════════════════\nThe following IndexError was thrown running a test:\nRangeError (index): Index out of range: no indices are valid: 0\n\nWhen the exception was thrown, this was the stack:\n#0      Iterable.elementAt (dart:core/iterable.dart:808:5)\n#1      _IndexFinderMixin.filter (package:flutter_test/src/finders.dart:1261:28)\n#3      ExpandIterator.moveNext (dart:_internal/iterable.dart:489:21)\n#4      SetBase.addAll (dart:collection/set.dart:58:23)\n#5      _Set.addAll (dart:collection-patch/compact_hash.dart:986:11)\n#6      new LinkedHashSet.of (dart:collection/linked_hash_set.dart:192:27)\n#7      Iterable.toSet (dart:core/iterable.dart:513:21)\n#8      _DescendantFinderMixin.allCandidates (package:flutter_test/src/finders.dart:1615:7)\n#9      FinderBase.evaluate (package:flutter_test/src/finders.dart:856:76)\n#10     WidgetController.state (package:flutter_test/src/controller.dart:911:31)\n#11     WidgetTester.showKeyboard.<anonymous closure> (package:flutter_test/src/widget_tester.dart:1124:42)\n#14     TestAsyncUtils.guard (package:flutter_test/src/test_async_utils.dart:74:41)\n#15     WidgetTester.showKeyboard (package:flutter_test/src/widget_tester.dart:1123:27)\n#16     WidgetTester.enterText.<anonymous closure> (package:flutter_test/src/widget_tester.dart:1159:13)\n#19     TestAsyncUtils.guard (package:flutter_test/src/test_async_utils.dart:74:41)\n#20     WidgetTester.enterText (package:flutter_test/src/widget_tester.dart:1158:27)\n#21     main.<anonymous closure> (file:///D:/POLITEKNIK_NEGERI_PADANG/Belajar_mobile/Belajar_mobile_flutter/test/screens/login_screen_test.dart:47:18)\n<asynchronous suspension>\n#22     testWidgets.<anonymous closure>.<anonymous closure> (package:flutter_test/src/widget_tester.dart:189:15)\n<asynchronous suspension>\n#23     TestWidgetsFlutterBinding._runTestBody (package:flutter_test/src/binding.dart:1032:5)\n<asynchronous suspension>\n<asynchronous suspension>\n(elided 6 frames from dart:async, dart:async-patch, and package:stack_trace)\n\nThe test description was:\n  Memasukkan email dan password\n════════════════════════════════════════════════════════════════════════════════════════════════════","type":"print","time":3028}
{"testID":8,"messageType":"print","message":"══╡ EXCEPTION CAUGHT BY FLUTTER TEST FRAMEWORK ╞════════════════════════════════════════════════════\nThe following message was thrown:\nMultiple exceptions (2) were detected during the running of the current test, and at least one was\nunexpected.\n════════════════════════════════════════════════════════════════════════════════════════════════════","type":"print","time":3028}
{"testID":8,"error":"Test failed. See exception logs above.\nThe test description was: Memasukkan email dan password","stackTrace":"","isFailure":false,"type":"error","time":3029}
{"testID":8,"result":"error","skipped":false,"hidden":false,"type":"testDone","time":3029}
{"test":{"id":9,"name":"Login sukses menyimpan token dan navigasi ke Admin","suiteID":0,"groupIDs":[4],"metadata":{"skip":false,"skipReason":null},"line":171,"column":5,"url":"package:flutter_test/src/widget_tester.dart","root_line":54,"root_column":3,"root_url":"file:///D:/POLITEKNIK_NEGERI_PADANG/Belajar_mobile/Belajar_mobile_flutter/test/screens/login_screen_test.dart"},"type":"testStart","time":3029}
{"testID":9,"messageType":"print","message":"══╡ EXCEPTION CAUGHT BY WIDGETS LIBRARY ╞═══════════════════════════════════════════════════════════\nThe following assertion was thrown building MaterialApp(dirty, state: _MaterialAppState#5e28d):\nIf the home property is specified, the routes table cannot include an entry for \"/\", since it would\nbe redundant.\n'package:flutter/src/widgets/app.dart':\nFailed assertion: line 353 pos 10: 'home == null ||\n         !routes.containsKey(Navigator.defaultRouteName)'\n\nEither the assertion indicates an error in the framework itself, or we should provide substantially\nmore information in this error message to help you determine and fix the underlying cause.\nIn either case, please report this assertion by filing a bug on GitHub:\n  https://github.com/flutter/flutter/issues/new?template=2_bug.yml\n\nThe relevant error-causing widget was:\n  MaterialApp\n  MaterialApp:file:///D:/POLITEKNIK_NEGERI_PADANG/Belajar_mobile/Belajar_mobile_flutter/test/screens/login_screen_test.dart:24:12\n\nWhen the exception was thrown, this was the stack:\n#2      new WidgetsApp (package:flutter/src/widgets/app.dart:353:10)\n#3      _MaterialAppState._buildWidgetApp (package:flutter/src/material/app.dart:1040:12)\n#4      _MaterialAppState.build (package:flutter/src/material/app.dart:1076:21)\n#5      StatefulElement.build (package:flutter/src/widgets/framework.dart:5729:27)\n#6      ComponentElement.performRebuild (package:flutter/src/widgets/framework.dart:5617:15)\n#7      StatefulElement.performRebuild (package:flutter/src/widgets/framework.dart:5780:11)\n#8      Element.rebuild (package:flutter/src/widgets/framework.dart:5333:7)\n#9      ComponentElement._firstBuild (package:flutter/src/widgets/framework.dart:5599:5)\n#10     StatefulElement._firstBuild (package:flutter/src/widgets/framework.dart:5771:11)\n#11     ComponentElement.mount (package:flutter/src/widgets/framework.dart:5593:5)\n#12     Element.inflateWidget (package:flutter/src/widgets/framework.dart:4468:16)\n#13     Element.updateChild (package:flutter/src/widgets/framework.dart:3957:20)\n#14     ComponentElement.performRebuild (package:flutter/src/widgets/framework.dart:5642:16)\n#15     Element.rebuild (package:flutter/src/widgets/framework.dart:5333:7)\n#16     ProxyElement.update (package:flutter/src/widgets/framework.dart:5946:5)\n#17     _InheritedNotifierElement.update (package:flutter/src/widgets/inherited_notifier.dart:105:11)\n#18     Element.updateChild (package:flutter/src/widgets/framework.dart:3941:15)\n#19     ComponentElement.performRebuild (package:flutter/src/widgets/framework.dart:5642:16)\n#20     StatefulElement.performRebuild (package:flutter/src/widgets/framework.dart:5780:11)\n#21     Element.rebuild (package:flutter/src/widgets/framework.dart:5333:7)\n#22     StatefulElement.update (package:flutter/src/widgets/framework.dart:5803:5)\n#23     Element.updateChild (package:flutter/src/widgets/framework.dart:3941:15)\n#24     ComponentElement.performRebuild (package:flutter/src/widgets/framework.dart:5642:16)\n#25     Element.rebuild (package:flutter/src/widgets/framework.dart:5333:7)\n#26     ProxyElement.update (package:flutter/src/widgets/framework.dart:5946:5)\n#27     _InheritedNotifierElement.update (package:flutter/src/widgets/inherited_notifier.dart:105:11)\n#28     Element.updateChild (package:flutter/src/widgets/framework.dart:3941:15)\n#29     ComponentElement.performRebuild (package:flutter/src/widgets/framework.dart:5642:16)\n#30     StatefulElement.performRebuild (package:flutter/src/widgets/framework.dart:5780:11)\n#31     Element.rebuild (package:flutter/src/widgets/framework.dart:5333:7)\n#32     StatefulElement.update (package:flutter/src/widgets/framework.dart:5803:5)\n#33     Element.updateChild (package:flutter/src/widgets/framework.dart:3941:15)\n#34     ComponentElement.performRebuild (package:flutter/src/widgets/framework.dart:5642:16)\n#35     StatefulElement.performRebuild (package:flutter/src/widgets/framework.dart:5780:11)\n#36     Element.rebuild (package:flutter/src/widgets/framework.dart:5333:7)\n#37     StatefulElement.update (package:flutter/src/widgets/framework.dart:5803:5)\n#38     Element.updateChild (package:flutter/src/widgets/framework.dart:3941:15)\n#39     ComponentElement.performRebuild (package:flutter/src/widgets/framework.dart:5642:16)\n#40     Element.rebuild (package:flutter/src/widgets/framework.dart:5333:7)\n#41     ProxyElement.update (package:flutter/src/widgets/framework.dart:5946:5)\n#42     Element.updateChild (package:flutter/src/widgets/framework.dart:3941:15)\n#43     ComponentElement.performRebuild (package:flutter/src/widgets/framework.dart:5642:16)\n#44     StatefulElement.performRebuild (package:flutter/src/widgets/framework.dart:5780:11)\n#45     Element.rebuild (package:flutter/src/widgets/framework.dart:5333:7)\n#46     StatefulElement.update (package:flutter/src/widgets/framework.dart:5803:5)\n#47     Element.updateChild (package:flutter/src/widgets/framework.dart:3941:15)\n#48     ComponentElement.performRebuild (package:flutter/src/widgets/framework.dart:5642:16)\n#49     Element.rebuild (package:flutter/src/widgets/framework.dart:5333:7)\n#50     ProxyElement.update (package:flutter/src/widgets/framework.dart:5946:5)\n#51     Element.updateChild (package:flutter/src/widgets/framework.dart:3941:15)\n#52     ComponentElement.performRebuild (package:flutter/src/widgets/framework.dart:5642:16)\n#53     Element.rebuild (package:flutter/src/widgets/framework.dart:5333:7)\n#54     ProxyElement.update (package:flutter/src/widgets/framework.dart:5946:5)\n#55     Element.updateChild (package:flutter/src/widgets/framework.dart:3941:15)\n#56     _RawViewElement._updateChild (package:flutter/src/widgets/view.dart:441:16)\n#57     _RawViewElement.update (package:flutter/src/widgets/view.dart:528:5)\n#58     Element.updateChild (package:flutter/src/widgets/framework.dart:3941:15)\n#59     ComponentElement.performRebuild (package:flutter/src/widgets/framework.dart:5642:16)\n#60     Element.rebuild (package:flutter/src/widgets/framework.dart:5333:7)\n#61     StatelessElement.update (package:flutter/src/widgets/framework.dart:5693:5)\n#62     Element.updateChild (package:flutter/src/widgets/framework.dart:3941:15)\n#63     ComponentElement.performRebuild (package:flutter/src/widgets/framework.dart:5642:16)\n#64     StatefulElement.performRebuild (package:flutter/src/widgets/framework.dart:5780:11)\n#65     Element.rebuild (package:flutter/src/widgets/framework.dart:5333:7)\n#66     StatefulElement.update (package:flutter/src/widgets/framework.dart:5803:5)\n#67     Element.updateChild (package:flutter/src/widgets/framework.dart:3941:15)\n#68     RootElement._rebuild (package:flutter/src/widgets/binding.dart:1605:16)\n#69     RootElement.update (package:flutter/src/widgets/binding.dart:1583:5)\n#70     RootElement.performRebuild (package:flutter/src/widgets/binding.dart:1597:7)\n#71     Element.rebuild (package:flutter/src/widgets/framework.dart:5333:7)\n#72     BuildScope._tryRebuild (package:flutter/src/widgets/framework.dart:2693:15)\n#73     BuildScope._flushDirtyElements (package:flutter/src/widgets/framework.dart:2752:11)\n#74     BuildOwner.buildScope (package:flutter/src/widgets/framework.dart:3048:18)\n#75     AutomatedTestWidgetsFlutterBinding.drawFrame (package:flutter_test/src/binding.dart:1433:19)\n#76     RendererBinding._handlePersistentFrameCallback (package:flutter/src/rendering/binding.dart:468:5)\n#77     SchedulerBinding._invokeFrameCallback (package:flutter/src/scheduler/binding.dart:1397:15)\n#78     SchedulerBinding.handleDrawFrame (package:flutter/src/scheduler/binding.dart:1318:9)\n#79     AutomatedTestWidgetsFlutterBinding.pump.<anonymous closure> (package:flutter_test/src/binding.dart:1288:9)\n#82     TestAsyncUtils.guard (package:flutter_test/src/test_async_utils.dart:74:41)\n#83     AutomatedTestWidgetsFlutterBinding.pump (package:flutter_test/src/binding.dart:1275:27)\n#84     WidgetTester.pumpWidget.<anonymous closure> (package:flutter_test/src/widget_tester.dart:608:22)\n#87     TestAsyncUtils.guard (package:flutter_test/src/test_async_utils.dart:74:41)\n#88     WidgetTester.pumpWidget (package:flutter_test/src/widget_tester.dart:605:27)\n#89     main.<anonymous closure> (file:///D:/POLITEKNIK_NEGERI_PADANG/Belajar_mobile/Belajar_mobile_flutter/test/screens/login_screen_test.dart:65:18)\n#90     testWidgets.<anonymous closure>.<anonymous closure> (package:flutter_test/src/widget_tester.dart:189:29)\n<asynchronous suspension>\n#91     TestWidgetsFlutterBinding._runTestBody (package:flutter_test/src/binding.dart:1032:5)\n<asynchronous suspension>\n<asynchronous suspension>\n(elided 7 frames from class _AssertionError, dart:async, and package:stack_trace)\n\n════════════════════════════════════════════════════════════════════════════════════════════════════","type":"print","time":3066}
{"testID":9,"messageType":"print","message":"══╡ EXCEPTION CAUGHT BY FLUTTER TEST FRAMEWORK ╞════════════════════════════════════════════════════\nThe following IndexError was thrown running a test:\nRangeError (index): Index out of range: no indices are valid: 0\n\nWhen the exception was thrown, this was the stack:\n#0      Iterable.elementAt (dart:core/iterable.dart:808:5)\n#1      _IndexFinderMixin.filter (package:flutter_test/src/finders.dart:1261:28)\n#3      ExpandIterator.moveNext (dart:_internal/iterable.dart:489:21)\n#4      SetBase.addAll (dart:collection/set.dart:58:23)\n#5      _Set.addAll (dart:collection-patch/compact_hash.dart:986:11)\n#6      new LinkedHashSet.of (dart:collection/linked_hash_set.dart:192:27)\n#7      Iterable.toSet (dart:core/iterable.dart:513:21)\n#8      _DescendantFinderMixin.allCandidates (package:flutter_test/src/finders.dart:1615:7)\n#9      FinderBase.evaluate (package:flutter_test/src/finders.dart:856:76)\n#10     WidgetController.state (package:flutter_test/src/controller.dart:911:31)\n#11     WidgetTester.showKeyboard.<anonymous closure> (package:flutter_test/src/widget_tester.dart:1124:42)\n#14     TestAsyncUtils.guard (package:flutter_test/src/test_async_utils.dart:74:41)\n#15     WidgetTester.showKeyboard (package:flutter_test/src/widget_tester.dart:1123:27)\n#16     WidgetTester.enterText.<anonymous closure> (package:flutter_test/src/widget_tester.dart:1159:13)\n#19     TestAsyncUtils.guard (package:flutter_test/src/test_async_utils.dart:74:41)\n#20     WidgetTester.enterText (package:flutter_test/src/widget_tester.dart:1158:27)\n#21     main.<anonymous closure> (file:///D:/POLITEKNIK_NEGERI_PADANG/Belajar_mobile/Belajar_mobile_flutter/test/screens/login_screen_test.dart:67:18)\n<asynchronous suspension>\n#22     testWidgets.<anonymous closure>.<anonymous closure> (package:flutter_test/src/widget_tester.dart:189:15)\n<asynchronous suspension>\n#23     TestWidgetsFlutterBinding._runTestBody (package:flutter_test/src/binding.dart:1032:5)\n<asynchronous suspension>\n<asynchronous suspension>\n(elided 6 frames from dart:async, dart:async-patch, and package:stack_trace)\n\nThe test description was:\n  Login sukses menyimpan token dan navigasi ke Admin\n════════════════════════════════════════════════════════════════════════════════════════════════════","type":"print","time":3067}
{"testID":9,"messageType":"print","message":"══╡ EXCEPTION CAUGHT BY FLUTTER TEST FRAMEWORK ╞════════════════════════════════════════════════════\nThe following message was thrown:\nMultiple exceptions (2) were detected during the running of the current test, and at least one was\nunexpected.\n════════════════════════════════════════════════════════════════════════════════════════════════════","type":"print","time":3067}
{"testID":9,"error":"Test failed. See exception logs above.\nThe test description was: Login sukses menyimpan token dan navigasi ke Admin","stackTrace":"","isFailure":false,"type":"error","time":3069}
{"testID":9,"result":"error","skipped":false,"hidden":false,"type":"testDone","time":3069}
{"test":{"id":10,"name":"Login gagal menampilkan pesan kesalahan","suiteID":0,"groupIDs":[4],"metadata":{"skip":false,"skipReason":null},"line":171,"column":5,"url":"package:flutter_test/src/widget_tester.dart","root_line":76,"root_column":3,"root_url":"file:///D:/POLITEKNIK_NEGERI_PADANG/Belajar_mobile/Belajar_mobile_flutter/test/screens/login_screen_test.dart"},"type":"testStart","time":3070}
{"testID":10,"messageType":"print","message":"══╡ EXCEPTION CAUGHT BY WIDGETS LIBRARY ╞═══════════════════════════════════════════════════════════\nThe following assertion was thrown building MaterialApp(dirty, state: _MaterialAppState#21f4b):\nIf the home property is specified, the routes table cannot include an entry for \"/\", since it would\nbe redundant.\n'package:flutter/src/widgets/app.dart':\nFailed assertion: line 353 pos 10: 'home == null ||\n         !routes.containsKey(Navigator.defaultRouteName)'\n\nEither the assertion indicates an error in the framework itself, or we should provide substantially\nmore information in this error message to help you determine and fix the underlying cause.\nIn either case, please report this assertion by filing a bug on GitHub:\n  https://github.com/flutter/flutter/issues/new?template=2_bug.yml\n\nThe relevant error-causing widget was:\n  MaterialApp\n  MaterialApp:file:///D:/POLITEKNIK_NEGERI_PADANG/Belajar_mobile/Belajar_mobile_flutter/test/screens/login_screen_test.dart:24:12\n\nWhen the exception was thrown, this was the stack:\n#2      new WidgetsApp (package:flutter/src/widgets/app.dart:353:10)\n#3      _MaterialAppState._buildWidgetApp (package:flutter/src/material/app.dart:1040:12)\n#4      _MaterialAppState.build (package:flutter/src/material/app.dart:1076:21)\n#5      StatefulElement.build (package:flutter/src/widgets/framework.dart:5729:27)\n#6      ComponentElement.performRebuild (package:flutter/src/widgets/framework.dart:5617:15)\n#7      StatefulElement.performRebuild (package:flutter/src/widgets/framework.dart:5780:11)\n#8      Element.rebuild (package:flutter/src/widgets/framework.dart:5333:7)\n#9      ComponentElement._firstBuild (package:flutter/src/widgets/framework.dart:5599:5)\n#10     StatefulElement._firstBuild (package:flutter/src/widgets/framework.dart:5771:11)\n#11     ComponentElement.mount (package:flutter/src/widgets/framework.dart:5593:5)\n#12     Element.inflateWidget (package:flutter/src/widgets/framework.dart:4468:16)\n#13     Element.updateChild (package:flutter/src/widgets/framework.dart:3957:20)\n#14     ComponentElement.performRebuild (package:flutter/src/widgets/framework.dart:5642:16)\n#15     Element.rebuild (package:flutter/src/widgets/framework.dart:5333:7)\n#16     ProxyElement.update (package:flutter/src/widgets/framework.dart:5946:5)\n#17     _InheritedNotifierElement.update (package:flutter/src/widgets/inherited_notifier.dart:105:11)\n#18     Element.updateChild (package:flutter/src/widgets/framework.dart:3941:15)\n#19     ComponentElement.performRebuild (package:flutter/src/widgets/framework.dart:5642:16)\n#20     StatefulElement.performRebuild (package:flutter/src/widgets/framework.dart:5780:11)\n#21     Element.rebuild (package:flutter/src/widgets/framework.dart:5333:7)\n#22     StatefulElement.update (package:flutter/src/widgets/framework.dart:5803:5)\n#23     Element.updateChild (package:flutter/src/widgets/framework.dart:3941:15)\n#24     ComponentElement.performRebuild (package:flutter/src/widgets/framework.dart:5642:16)\n#25     Element.rebuild (package:flutter/src/widgets/framework.dart:5333:7)\n#26     ProxyElement.update (package:flutter/src/widgets/framework.dart:5946:5)\n#27     _InheritedNotifierElement.update (package:flutter/src/widgets/inherited_notifier.dart:105:11)\n#28     Element.updateChild (package:flutter/src/widgets/framework.dart:3941:15)\n#29     ComponentElement.performRebuild (package:flutter/src/widgets/framework.dart:5642:16)\n#30     StatefulElement.performRebuild (package:flutter/src/widgets/framework.dart:5780:11)\n#31     Element.rebuild (package:flutter/src/widgets/framework.dart:5333:7)\n#32     StatefulElement.update (package:flutter/src/widgets/framework.dart:5803:5)\n#33     Element.updateChild (package:flutter/src/widgets/framework.dart:3941:15)\n#34     ComponentElement.performRebuild (package:flutter/src/widgets/framework.dart:5642:16)\n#35     StatefulElement.performRebuild (package:flutter/src/widgets/framework.dart:5780:11)\n#36     Element.rebuild (package:flutter/src/widgets/framework.dart:5333:7)\n#37     StatefulElement.update (package:flutter/src/widgets/framework.dart:5803:5)\n#38     Element.updateChild (package:flutter/src/widgets/framework.dart:3941:15)\n#39     ComponentElement.performRebuild (package:flutter/src/widgets/framework.dart:5642:16)\n#40     Element.rebuild (package:flutter/src/widgets/framework.dart:5333:7)\n#41     ProxyElement.update (package:flutter/src/widgets/framework.dart:5946:5)\n#42     Element.updateChild (package:flutter/src/widgets/framework.dart:3941:15)\n#43     ComponentElement.performRebuild (package:flutter/src/widgets/framework.dart:5642:16)\n#44     StatefulElement.performRebuild (package:flutter/src/widgets/framework.dart:5780:11)\n#45     Element.rebuild (package:flutter/src/widgets/framework.dart:5333:7)\n#46     StatefulElement.update (package:flutter/src/widgets/framework.dart:5803:5)\n#47     Element.updateChild (package:flutter/src/widgets/framework.dart:3941:15)\n#48     ComponentElement.performRebuild (package:flutter/src/widgets/framework.dart:5642:16)\n#49     Element.rebuild (package:flutter/src/widgets/framework.dart:5333:7)\n#50     ProxyElement.update (package:flutter/src/widgets/framework.dart:5946:5)\n#51     Element.updateChild (package:flutter/src/widgets/framework.dart:3941:15)\n#52     ComponentElement.performRebuild (package:flutter/src/widgets/framework.dart:5642:16)\n#53     Element.rebuild (package:flutter/src/widgets/framework.dart:5333:7)\n#54     ProxyElement.update (package:flutter/src/widgets/framework.dart:5946:5)\n#55     Element.updateChild (package:flutter/src/widgets/framework.dart:3941:15)\n#56     _RawViewElement._updateChild (package:flutter/src/widgets/view.dart:441:16)\n#57     _RawViewElement.update (package:flutter/src/widgets/view.dart:528:5)\n#58     Element.updateChild (package:flutter/src/widgets/framework.dart:3941:15)\n#59     ComponentElement.performRebuild (package:flutter/src/widgets/framework.dart:5642:16)\n#60     Element.rebuild (package:flutter/src/widgets/framework.dart:5333:7)\n#61     StatelessElement.update (package:flutter/src/widgets/framework.dart:5693:5)\n#62     Element.updateChild (package:flutter/src/widgets/framework.dart:3941:15)\n#63     ComponentElement.performRebuild (package:flutter/src/widgets/framework.dart:5642:16)\n#64     StatefulElement.performRebuild (package:flutter/src/widgets/framework.dart:5780:11)\n#65     Element.rebuild (package:flutter/src/widgets/framework.dart:5333:7)\n#66     StatefulElement.update (package:flutter/src/widgets/framework.dart:5803:5)\n#67     Element.updateChild (package:flutter/src/widgets/framework.dart:3941:15)\n#68     RootElement._rebuild (package:flutter/src/widgets/binding.dart:1605:16)\n#69     RootElement.update (package:flutter/src/widgets/binding.dart:1583:5)\n#70     RootElement.performRebuild (package:flutter/src/widgets/binding.dart:1597:7)\n#71     Element.rebuild (package:flutter/src/widgets/framework.dart:5333:7)\n#72     BuildScope._tryRebuild (package:flutter/src/widgets/framework.dart:2693:15)\n#73     BuildScope._flushDirtyElements (package:flutter/src/widgets/framework.dart:2752:11)\n#74     BuildOwner.buildScope (package:flutter/src/widgets/framework.dart:3048:18)\n#75     AutomatedTestWidgetsFlutterBinding.drawFrame (package:flutter_test/src/binding.dart:1433:19)\n#76     RendererBinding._handlePersistentFrameCallback (package:flutter/src/rendering/binding.dart:468:5)\n#77     SchedulerBinding._invokeFrameCallback (package:flutter/src/scheduler/binding.dart:1397:15)\n#78     SchedulerBinding.handleDrawFrame (package:flutter/src/scheduler/binding.dart:1318:9)\n#79     AutomatedTestWidgetsFlutterBinding.pump.<anonymous closure> (package:flutter_test/src/binding.dart:1288:9)\n#82     TestAsyncUtils.guard (package:flutter_test/src/test_async_utils.dart:74:41)\n#83     AutomatedTestWidgetsFlutterBinding.pump (package:flutter_test/src/binding.dart:1275:27)\n#84     WidgetTester.pumpWidget.<anonymous closure> (package:flutter_test/src/widget_tester.dart:608:22)\n#87     TestAsyncUtils.guard (package:flutter_test/src/test_async_utils.dart:74:41)\n#88     WidgetTester.pumpWidget (package:flutter_test/src/widget_tester.dart:605:27)\n#89     main.<anonymous closure> (file:///D:/POLITEKNIK_NEGERI_PADANG/Belajar_mobile/Belajar_mobile_flutter/test/screens/login_screen_test.dart:84:18)\n#90     testWidgets.<anonymous closure>.<anonymous closure> (package:flutter_test/src/widget_tester.dart:189:29)\n<asynchronous suspension>\n#91     TestWidgetsFlutterBinding._runTestBody (package:flutter_test/src/binding.dart:1032:5)\n<asynchronous suspension>\n<asynchronous suspension>\n(elided 7 frames from class _AssertionError, dart:async, and package:stack_trace)\n\n════════════════════════════════════════════════════════════════════════════════════════════════════","type":"print","time":3095}
{"testID":10,"messageType":"print","message":"══╡ EXCEPTION CAUGHT BY FLUTTER TEST FRAMEWORK ╞════════════════════════════════════════════════════\nThe following IndexError was thrown running a test:\nRangeError (index): Index out of range: no indices are valid: 0\n\nWhen the exception was thrown, this was the stack:\n#0      Iterable.elementAt (dart:core/iterable.dart:808:5)\n#1      _IndexFinderMixin.filter (package:flutter_test/src/finders.dart:1261:28)\n#3      ExpandIterator.moveNext (dart:_internal/iterable.dart:489:21)\n#4      SetBase.addAll (dart:collection/set.dart:58:23)\n#5      _Set.addAll (dart:collection-patch/compact_hash.dart:986:11)\n#6      new LinkedHashSet.of (dart:collection/linked_hash_set.dart:192:27)\n#7      Iterable.toSet (dart:core/iterable.dart:513:21)\n#8      _DescendantFinderMixin.allCandidates (package:flutter_test/src/finders.dart:1615:7)\n#9      FinderBase.evaluate (package:flutter_test/src/finders.dart:856:76)\n#10     WidgetController.state (package:flutter_test/src/controller.dart:911:31)\n#11     WidgetTester.showKeyboard.<anonymous closure> (package:flutter_test/src/widget_tester.dart:1124:42)\n#14     TestAsyncUtils.guard (package:flutter_test/src/test_async_utils.dart:74:41)\n#15     WidgetTester.showKeyboard (package:flutter_test/src/widget_tester.dart:1123:27)\n#16     WidgetTester.enterText.<anonymous closure> (package:flutter_test/src/widget_tester.dart:1159:13)\n#19     TestAsyncUtils.guard (package:flutter_test/src/test_async_utils.dart:74:41)\n#20     WidgetTester.enterText (package:flutter_test/src/widget_tester.dart:1158:27)\n#21     main.<anonymous closure> (file:///D:/POLITEKNIK_NEGERI_PADANG/Belajar_mobile/Belajar_mobile_flutter/test/screens/login_screen_test.dart:86:18)\n<asynchronous suspension>\n#22     testWidgets.<anonymous closure>.<anonymous closure> (package:flutter_test/src/widget_tester.dart:189:15)\n<asynchronous suspension>\n#23     TestWidgetsFlutterBinding._runTestBody (package:flutter_test/src/binding.dart:1032:5)\n<asynchronous suspension>\n<asynchronous suspension>\n(elided 6 frames from dart:async, dart:async-patch, and package:stack_trace)\n\nThe test description was:\n  Login gagal menampilkan pesan kesalahan\n════════════════════════════════════════════════════════════════════════════════════════════════════","type":"print","time":3096}
{"testID":10,"messageType":"print","message":"══╡ EXCEPTION CAUGHT BY FLUTTER TEST FRAMEWORK ╞════════════════════════════════════════════════════\nThe following message was thrown:\nMultiple exceptions (2) were detected during the running of the current test, and at least one was\nunexpected.\n════════════════════════════════════════════════════════════════════════════════════════════════════","type":"print","time":3097}
{"testID":10,"error":"Test failed. See exception logs above.\nThe test description was: Login gagal menampilkan pesan kesalahan","stackTrace":"","isFailure":false,"type":"error","time":3098}
{"testID":10,"result":"error","skipped":false,"hidden":false,"type":"testDone","time":3099}
{"test":{"id":11,"name":"Navigasi ke halaman Register saat klik \"Don't have an account? Register\"","suiteID":0,"groupIDs":[4],"metadata":{"skip":false,"skipReason":null},"line":171,"column":5,"url":"package:flutter_test/src/widget_tester.dart","root_line":96,"root_column":3,"root_url":"file:///D:/POLITEKNIK_NEGERI_PADANG/Belajar_mobile/Belajar_mobile_flutter/test/screens/login_screen_test.dart"},"type":"testStart","time":3099}
{"testID":11,"messageType":"print","message":"══╡ EXCEPTION CAUGHT BY WIDGETS LIBRARY ╞═══════════════════════════════════════════════════════════\nThe following assertion was thrown building MaterialApp(dirty, state: _MaterialAppState#fa5d1):\nIf the home property is specified, the routes table cannot include an entry for \"/\", since it would\nbe redundant.\n'package:flutter/src/widgets/app.dart':\nFailed assertion: line 353 pos 10: 'home == null ||\n         !routes.containsKey(Navigator.defaultRouteName)'\n\nEither the assertion indicates an error in the framework itself, or we should provide substantially\nmore information in this error message to help you determine and fix the underlying cause.\nIn either case, please report this assertion by filing a bug on GitHub:\n  https://github.com/flutter/flutter/issues/new?template=2_bug.yml\n\nThe relevant error-causing widget was:\n  MaterialApp\n  MaterialApp:file:///D:/POLITEKNIK_NEGERI_PADANG/Belajar_mobile/Belajar_mobile_flutter/test/screens/login_screen_test.dart:24:12\n\nWhen the exception was thrown, this was the stack:\n#2      new WidgetsApp (package:flutter/src/widgets/app.dart:353:10)\n#3      _MaterialAppState._buildWidgetApp (package:flutter/src/material/app.dart:1040:12)\n#4      _MaterialAppState.build (package:flutter/src/material/app.dart:1076:21)\n#5      StatefulElement.build (package:flutter/src/widgets/framework.dart:5729:27)\n#6      ComponentElement.performRebuild (package:flutter/src/widgets/framework.dart:5617:15)\n#7      StatefulElement.performRebuild (package:flutter/src/widgets/framework.dart:5780:11)\n#8      Element.rebuild (package:flutter/src/widgets/framework.dart:5333:7)\n#9      ComponentElement._firstBuild (package:flutter/src/widgets/framework.dart:5599:5)\n#10     StatefulElement._firstBuild (package:flutter/src/widgets/framework.dart:5771:11)\n#11     ComponentElement.mount (package:flutter/src/widgets/framework.dart:5593:5)\n#12     Element.inflateWidget (package:flutter/src/widgets/framework.dart:4468:16)\n#13     Element.updateChild (package:flutter/src/widgets/framework.dart:3957:20)\n#14     ComponentElement.performRebuild (package:flutter/src/widgets/framework.dart:5642:16)\n#15     Element.rebuild (package:flutter/src/widgets/framework.dart:5333:7)\n#16     ProxyElement.update (package:flutter/src/widgets/framework.dart:5946:5)\n#17     _InheritedNotifierElement.update (package:flutter/src/widgets/inherited_notifier.dart:105:11)\n#18     Element.updateChild (package:flutter/src/widgets/framework.dart:3941:15)\n#19     ComponentElement.performRebuild (package:flutter/src/widgets/framework.dart:5642:16)\n#20     StatefulElement.performRebuild (package:flutter/src/widgets/framework.dart:5780:11)\n#21     Element.rebuild (package:flutter/src/widgets/framework.dart:5333:7)\n#22     StatefulElement.update (package:flutter/src/widgets/framework.dart:5803:5)\n#23     Element.updateChild (package:flutter/src/widgets/framework.dart:3941:15)\n#24     ComponentElement.performRebuild (package:flutter/src/widgets/framework.dart:5642:16)\n#25     Element.rebuild (package:flutter/src/widgets/framework.dart:5333:7)\n#26     ProxyElement.update (package:flutter/src/widgets/framework.dart:5946:5)\n#27     _InheritedNotifierElement.update (package:flutter/src/widgets/inherited_notifier.dart:105:11)\n#28     Element.updateChild (package:flutter/src/widgets/framework.dart:3941:15)\n#29     ComponentElement.performRebuild (package:flutter/src/widgets/framework.dart:5642:16)\n#30     StatefulElement.performRebuild (package:flutter/src/widgets/framework.dart:5780:11)\n#31     Element.rebuild (package:flutter/src/widgets/framework.dart:5333:7)\n#32     StatefulElement.update (package:flutter/src/widgets/framework.dart:5803:5)\n#33     Element.updateChild (package:flutter/src/widgets/framework.dart:3941:15)\n#34     ComponentElement.performRebuild (package:flutter/src/widgets/framework.dart:5642:16)\n#35     StatefulElement.performRebuild (package:flutter/src/widgets/framework.dart:5780:11)\n#36     Element.rebuild (package:flutter/src/widgets/framework.dart:5333:7)\n#37     StatefulElement.update (package:flutter/src/widgets/framework.dart:5803:5)\n#38     Element.updateChild (package:flutter/src/widgets/framework.dart:3941:15)\n#39     ComponentElement.performRebuild (package:flutter/src/widgets/framework.dart:5642:16)\n#40     Element.rebuild (package:flutter/src/widgets/framework.dart:5333:7)\n#41     ProxyElement.update (package:flutter/src/widgets/framework.dart:5946:5)\n#42     Element.updateChild (package:flutter/src/widgets/framework.dart:3941:15)\n#43     ComponentElement.performRebuild (package:flutter/src/widgets/framework.dart:5642:16)\n#44     StatefulElement.performRebuild (package:flutter/src/widgets/framework.dart:5780:11)\n#45     Element.rebuild (package:flutter/src/widgets/framework.dart:5333:7)\n#46     StatefulElement.update (package:flutter/src/widgets/framework.dart:5803:5)\n#47     Element.updateChild (package:flutter/src/widgets/framework.dart:3941:15)\n#48     ComponentElement.performRebuild (package:flutter/src/widgets/framework.dart:5642:16)\n#49     Element.rebuild (package:flutter/src/widgets/framework.dart:5333:7)\n#50     ProxyElement.update (package:flutter/src/widgets/framework.dart:5946:5)\n#51     Element.updateChild (package:flutter/src/widgets/framework.dart:3941:15)\n#52     ComponentElement.performRebuild (package:flutter/src/widgets/framework.dart:5642:16)\n#53     Element.rebuild (package:flutter/src/widgets/framework.dart:5333:7)\n#54     ProxyElement.update (package:flutter/src/widgets/framework.dart:5946:5)\n#55     Element.updateChild (package:flutter/src/widgets/framework.dart:3941:15)\n#56     _RawViewElement._updateChild (package:flutter/src/widgets/view.dart:441:16)\n#57     _RawViewElement.update (package:flutter/src/widgets/view.dart:528:5)\n#58     Element.updateChild (package:flutter/src/widgets/framework.dart:3941:15)\n#59     ComponentElement.performRebuild (package:flutter/src/widgets/framework.dart:5642:16)\n#60     Element.rebuild (package:flutter/src/widgets/framework.dart:5333:7)\n#61     StatelessElement.update (package:flutter/src/widgets/framework.dart:5693:5)\n#62     Element.updateChild (package:flutter/src/widgets/framework.dart:3941:15)\n#63     ComponentElement.performRebuild (package:flutter/src/widgets/framework.dart:5642:16)\n#64     StatefulElement.performRebuild (package:flutter/src/widgets/framework.dart:5780:11)\n#65     Element.rebuild (package:flutter/src/widgets/framework.dart:5333:7)\n#66     StatefulElement.update (package:flutter/src/widgets/framework.dart:5803:5)\n#67     Element.updateChild (package:flutter/src/widgets/framework.dart:3941:15)\n#68     RootElement._rebuild (package:flutter/src/widgets/binding.dart:1605:16)\n#69     RootElement.update (package:flutter/src/widgets/binding.dart:1583:5)\n#70     RootElement.performRebuild (package:flutter/src/widgets/binding.dart:1597:7)\n#71     Element.rebuild (package:flutter/src/widgets/framework.dart:5333:7)\n#72     BuildScope._tryRebuild (package:flutter/src/widgets/framework.dart:2693:15)\n#73     BuildScope._flushDirtyElements (package:flutter/src/widgets/framework.dart:2752:11)\n#74     BuildOwner.buildScope (package:flutter/src/widgets/framework.dart:3048:18)\n#75     AutomatedTestWidgetsFlutterBinding.drawFrame (package:flutter_test/src/binding.dart:1433:19)\n#76     RendererBinding._handlePersistentFrameCallback (package:flutter/src/rendering/binding.dart:468:5)\n#77     SchedulerBinding._invokeFrameCallback (package:flutter/src/scheduler/binding.dart:1397:15)\n#78     SchedulerBinding.handleDrawFrame (package:flutter/src/scheduler/binding.dart:1318:9)\n#79     AutomatedTestWidgetsFlutterBinding.pump.<anonymous closure> (package:flutter_test/src/binding.dart:1288:9)\n#82     TestAsyncUtils.guard (package:flutter_test/src/test_async_utils.dart:74:41)\n#83     AutomatedTestWidgetsFlutterBinding.pump (package:flutter_test/src/binding.dart:1275:27)\n#84     WidgetTester.pumpWidget.<anonymous closure> (package:flutter_test/src/widget_tester.dart:608:22)\n#87     TestAsyncUtils.guard (package:flutter_test/src/test_async_utils.dart:74:41)\n#88     WidgetTester.pumpWidget (package:flutter_test/src/widget_tester.dart:605:27)\n#89     main.<anonymous closure> (file:///D:/POLITEKNIK_NEGERI_PADANG/Belajar_mobile/Belajar_mobile_flutter/test/screens/login_screen_test.dart:99:18)\n#90     testWidgets.<anonymous closure>.<anonymous closure> (package:flutter_test/src/widget_tester.dart:189:29)\n<asynchronous suspension>\n#91     TestWidgetsFlutterBinding._runTestBody (package:flutter_test/src/binding.dart:1032:5)\n<asynchronous suspension>\n<asynchronous suspension>\n(elided 7 frames from class _AssertionError, dart:async, and package:stack_trace)\n\n════════════════════════════════════════════════════════════════════════════════════════════════════","type":"print","time":3124}
{"testID":11,"messageType":"print","message":"══╡ EXCEPTION CAUGHT BY FLUTTER TEST FRAMEWORK ╞════════════════════════════════════════════════════\nThe following assertion was thrown running a test:\nThe finder \"Found 0 widgets with text \"Don't have an account? Register\": []\" (used in a call to\n\"tap()\") could not find any matching widgets.\n\nWhen the exception was thrown, this was the stack:\n#0      WidgetController._getElementPoint (package:flutter_test/src/controller.dart:1892:7)\n#1      WidgetController.getCenter (package:flutter_test/src/controller.dart:1792:12)\n#2      WidgetController.tap (package:flutter_test/src/controller.dart:1040:18)\n#3      main.<anonymous closure> (file:///D:/POLITEKNIK_NEGERI_PADANG/Belajar_mobile/Belajar_mobile_flutter/test/screens/login_screen_test.dart:101:18)\n<asynchronous suspension>\n#4      testWidgets.<anonymous closure>.<anonymous closure> (package:flutter_test/src/widget_tester.dart:189:15)\n<asynchronous suspension>\n#5      TestWidgetsFlutterBinding._runTestBody (package:flutter_test/src/binding.dart:1032:5)\n<asynchronous suspension>\n<asynchronous suspension>\n(elided one frame from package:stack_trace)\n\nThe test description was:\n  Navigasi ke halaman Register saat klik \"Don't have an account? Register\"\n════════════════════════════════════════════════════════════════════════════════════════════════════","type":"print","time":3125}
{"testID":11,"messageType":"print","message":"══╡ EXCEPTION CAUGHT BY FLUTTER TEST FRAMEWORK ╞════════════════════════════════════════════════════\nThe following message was thrown:\nMultiple exceptions (2) were detected during the running of the current test, and at least one was\nunexpected.\n════════════════════════════════════════════════════════════════════════════════════════════════════","type":"print","time":3126}
{"testID":11,"error":"Test failed. See exception logs above.\nThe test description was: Navigasi ke halaman Register saat klik \"Don't have an account? Register\"","stackTrace":"","isFailure":false,"type":"error","time":3127}
{"testID":11,"result":"error","skipped":false,"hidden":false,"type":"testDone","time":3128}
{"testID":7,"result":"success","skipped":false,"hidden":false,"type":"testDone","time":3956}
{"success":false,"type":"done","time":3985}
