SF:lib\login.dart
DA:9,3
DA:11,1
DA:12,1
DA:20,0
DA:22,0
DA:23,0
DA:24,0
DA:25,0
DA:26,0
DA:30,0
DA:31,0
DA:32,0
DA:33,0
DA:36,0
DA:37,0
DA:38,0
DA:40,0
DA:42,0
DA:43,0
DA:44,0
DA:45,0
DA:46,0
DA:48,0
DA:51,0
DA:52,0
DA:55,0
DA:57,0
DA:60,0
DA:61,0
DA:65,1
DA:67,1
DA:68,1
DA:71,1
DA:72,2
DA:75,0
DA:76,0
DA:77,0
DA:79,0
DA:80,0
DA:81,0
DA:82,0
DA:83,0
DA:85,0
DA:88,0
DA:89,0
DA:90,0
DA:91,0
DA:96,1
DA:98,1
DA:99,1
DA:100,1
DA:102,1
DA:104,1
DA:106,1
DA:107,1
DA:111,1
DA:112,1
DA:117,1
DA:118,1
DA:121,1
DA:122,0
DA:125,1
DA:126,0
DA:127,0
LF:64
LH:22
end_of_record
SF:lib\main.dart
DA:4,0
DA:7,3
DA:9,1
DA:11,1
DA:13,2
LF:5
LH:4
end_of_record
